c:\users\user\desktop\portfolio\realtime3dtechniquesforgames\shadowtutorial\shadow\shadows\shadows\debug\vc142.pdb
c:\users\user\desktop\portfolio\realtime3dtechniquesforgames\shadowtutorial\shadow\shadows\shadows\debug\vc142.idb
c:\users\user\desktop\portfolio\realtime3dtechniquesforgames\shadowtutorial\shadow\shadows\shadows\debug\heightmap.obj
c:\users\user\desktop\portfolio\realtime3dtechniquesforgames\shadowtutorial\shadow\shadows\shadows\debug\application.obj
c:\users\user\desktop\portfolio\realtime3dtechniquesforgames\shadowtutorial\shadow\shadows\shadows\debug\aeroplane.obj
c:\users\user\desktop\portfolio\realtime3dtechniquesforgames\shadowtutorial\shadow\shadows\shadows\debug\imgui_widgets.obj
c:\users\user\desktop\portfolio\realtime3dtechniquesforgames\shadowtutorial\shadow\shadows\shadows\debug\imgui_impl_win32.obj
c:\users\user\desktop\portfolio\realtime3dtechniquesforgames\shadowtutorial\shadow\shadows\shadows\debug\imgui_impl_dx11.obj
c:\users\user\desktop\portfolio\realtime3dtechniquesforgames\shadowtutorial\shadow\shadows\shadows\debug\imgui_draw.obj
c:\users\user\desktop\portfolio\realtime3dtechniquesforgames\shadowtutorial\shadow\shadows\shadows\debug\imgui.obj
c:\users\user\desktop\portfolio\realtime3dtechniquesforgames\shadowtutorial\shadow\shadows\shadows\drawheightmap.o
c:\users\user\desktop\portfolio\realtime3dtechniquesforgames\shadowtutorial\shadow\shadows\shadows\drawshadowcaster.o
c:\users\user\desktop\portfolio\realtime3dtechniquesforgames\shadowtutorial\shadow\shadows\debug\application.exe
c:\users\user\desktop\portfolio\realtime3dtechniquesforgames\shadowtutorial\shadow\shadows\debug\application.ilk
c:\users\user\desktop\portfolio\realtime3dtechniquesforgames\shadowtutorial\shadow\shadows\debug\application.pdb
c:\users\user\desktop\portfolio\realtime3dtechniquesforgames\shadowtutorial\shadow\shadows\shadows\debug\vc120.idb
c:\users\user\desktop\portfolio\realtime3dtechniquesforgames\shadowtutorial\shadow\shadows\shadows\debug\vc120.pdb
c:\users\user\desktop\portfolio\realtime3dtechniquesforgames\shadowtutorial\shadow\shadows\shadows\debug\application.tlog\cl.command.1.tlog
c:\users\user\desktop\portfolio\realtime3dtechniquesforgames\shadowtutorial\shadow\shadows\shadows\debug\application.tlog\cl.read.1.tlog
c:\users\user\desktop\portfolio\realtime3dtechniquesforgames\shadowtutorial\shadow\shadows\shadows\debug\application.tlog\cl.write.1.tlog
c:\users\user\desktop\portfolio\realtime3dtechniquesforgames\shadowtutorial\shadow\shadows\shadows\debug\application.tlog\custombuild.command.1.tlog
c:\users\user\desktop\portfolio\realtime3dtechniquesforgames\shadowtutorial\shadow\shadows\shadows\debug\application.tlog\custombuild.read.1.tlog
c:\users\user\desktop\portfolio\realtime3dtechniquesforgames\shadowtutorial\shadow\shadows\shadows\debug\application.tlog\custombuild.write.1.tlog
c:\users\user\desktop\portfolio\realtime3dtechniquesforgames\shadowtutorial\shadow\shadows\shadows\debug\application.tlog\link.command.1.tlog
c:\users\user\desktop\portfolio\realtime3dtechniquesforgames\shadowtutorial\shadow\shadows\shadows\debug\application.tlog\link.delete.1.tlog
c:\users\user\desktop\portfolio\realtime3dtechniquesforgames\shadowtutorial\shadow\shadows\shadows\debug\application.tlog\link.read.1.tlog
c:\users\user\desktop\portfolio\realtime3dtechniquesforgames\shadowtutorial\shadow\shadows\shadows\debug\application.tlog\link.write.1.tlog
